<?xml version="1.0" encoding="UTF-8"?>
<!-- Generated by org.testng.reporters.JUnitReportReporter -->
<testsuite hostname="DESKTOP-Q0J0551" failures="0" tests="1" name="mavn.c2" time="14.315" errors="0" timestamp="2023-01-02T19:47:06 IST" skipped="0">
  <testcase classname="mavn.c2" name="ab" time="14.315"/>
  <system-out/>
</testsuite> <!-- mavn.c2 -->
