<?xml version="1.0" encoding="UTF-8"?>
<!-- Generated by org.testng.reporters.JUnitReportReporter -->
<testsuite hostname="DESKTOP-Q0J0551" failures="0" tests="1" name="pack1.c3" time="19.509" errors="0" timestamp="2023-01-02T19:36:17 IST" skipped="0">
  <testcase classname="pack1.c3" name="rt" time="19.509"/>
  <system-out/>
</testsuite> <!-- pack1.c3 -->
