<?xml version="1.0" encoding="UTF-8"?>
<!-- Generated by org.testng.reporters.JUnitReportReporter -->
<testsuite hostname="DESKTOP-Q0J0551" failures="0" tests="1" name="auto.a1" time="14.529" errors="0" timestamp="2023-01-04T21:56:52 IST" skipped="0">
  <testcase classname="auto.a1" name="ac" time="14.529"/>
  <system-out/>
</testsuite> <!-- auto.a1 -->
