<?xml version="1.0" encoding="UTF-8"?>
<!-- Generated by org.testng.reporters.JUnitReportReporter -->
<testsuite hostname="DESKTOP-Q0J0551" failures="0" tests="1" name="pack1.c4" time="17.460" errors="0" timestamp="2023-01-02T19:36:17 IST" skipped="0">
  <testcase classname="pack1.c4" name="ls" time="17.460"/>
  <system-out/>
</testsuite> <!-- pack1.c4 -->
