<?xml version="1.0" encoding="UTF-8"?>
<!-- Generated by org.testng.reporters.JUnitReportReporter -->
<testsuite hostname="DESKTOP-Q0J0551" failures="0" tests="1" name="mavn.c1" time="20.703" errors="0" timestamp="2023-01-02T19:47:06 IST" skipped="0">
  <testcase classname="mavn.c1" name="ls" time="20.703"/>
  <system-out/>
</testsuite> <!-- mavn.c1 -->
